[96m[09:00:01][INFO] ==================================================[0m
[96m[09:00:01][INFO] SEO AGENT CENTRAL ORCHESTRATOR 启动 2026-04-10[0m
[96m[09:00:01][INFO] ==================================================[0m
[96m[09:00:01][INFO] === Agent 1: 错误码站 ===[0m
[92m[09:01:01][OK] 错误码站: 528 页, 0 错误[0m
[96m[09:01:01][INFO] === Agent 2: 供应站 ===[0m
[92m[09:01:03][OK] 供应站: 22 页, 0 错误[0m
[96m[09:01:03][INFO] === Agent 3: 城市数据站 ===[0m
[92m[09:03:18][OK] 城市站: 1000 页, 0 错误[0m
[96m[09:03:18][INFO] 报告: /root/.openclaw/workspace-crm/central/reports/2026-04-10.json[0m

==================================================
📊 2026-04-10 生成摘要
==================================================
  ✅ 错误码站: 528 页, 0 错误
  ✅ 供应站: 22 页, 0 错误
  ✅ 城市站: 1000 页, 0 错误

总计: 1550 页, 0 错误
✅ 全部顺利
[96m[09:00:01][INFO] ==================================================[0m
[96m[09:00:01][INFO] SEO AGENT CENTRAL ORCHESTRATOR 启动 2026-04-13[0m
[96m[09:00:01][INFO] ==================================================[0m
[96m[09:00:01][INFO] === Agent 1: 错误码站 ===[0m
[92m[09:00:58][OK] 错误码站: 528 页, 0 错误[0m
[96m[09:00:58][INFO] === Agent 2: 供应站 ===[0m
[92m[09:01:00][OK] 供应站: 22 页, 0 错误[0m
[96m[09:01:00][INFO] === Agent 3: 城市数据站 ===[0m
[92m[09:03:16][OK] 城市站: 1000 页, 0 错误[0m
[96m[09:03:16][INFO] 报告: /root/.openclaw/workspace-crm/central/reports/2026-04-13.json[0m

==================================================
📊 2026-04-13 生成摘要
==================================================
  ✅ 错误码站: 528 页, 0 错误
  ✅ 供应站: 22 页, 0 错误
  ✅ 城市站: 1000 页, 0 错误

总计: 1550 页, 0 错误
✅ 全部顺利
[96m[09:00:01][INFO] ==================================================[0m
[96m[09:00:01][INFO] SEO AGENT CENTRAL ORCHESTRATOR 启动 2026-04-14[0m
[96m[09:00:01][INFO] ==================================================[0m
[96m[09:00:01][INFO] === Agent 1: 错误码站 ===[0m
[92m[09:00:57][OK] 错误码站: 528 页, 0 错误[0m
[96m[09:00:57][INFO] === Agent 2: 供应站 ===[0m
[92m[09:00:59][OK] 供应站: 22 页, 0 错误[0m
[96m[09:00:59][INFO] === Agent 3: 城市数据站 ===[0m
[92m[09:03:11][OK] 城市站: 1000 页, 0 错误[0m
[96m[09:03:11][INFO] 报告: /root/.openclaw/workspace-crm/central/reports/2026-04-14.json[0m

==================================================
📊 2026-04-14 生成摘要
==================================================
  ✅ 错误码站: 528 页, 0 错误
  ✅ 供应站: 22 页, 0 错误
  ✅ 城市站: 1000 页, 0 错误

总计: 1550 页, 0 错误
✅ 全部顺利
[96m[09:00:01][INFO] ==================================================[0m
[96m[09:00:01][INFO] SEO AGENT CENTRAL ORCHESTRATOR 启动 2026-04-15[0m
[96m[09:00:01][INFO] ==================================================[0m
[96m[09:00:01][INFO] === Agent 1: 错误码站 ===[0m
[92m[09:00:59][OK] 错误码站: 528 页, 0 错误[0m
[96m[09:00:59][INFO] === Agent 2: 供应站 ===[0m
[92m[09:01:01][OK] 供应站: 22 页, 0 错误[0m
[96m[09:01:01][INFO] === Agent 3: 城市数据站 ===[0m
[92m[09:03:15][OK] 城市站: 1000 页, 0 错误[0m
[96m[09:03:15][INFO] 报告: /root/.openclaw/workspace-crm/central/reports/2026-04-15.json[0m

==================================================
📊 2026-04-15 生成摘要
==================================================
  ✅ 错误码站: 528 页, 0 错误
  ✅ 供应站: 22 页, 0 错误
  ✅ 城市站: 1000 页, 0 错误

总计: 1550 页, 0 错误
✅ 全部顺利
[96m[09:00:02][INFO] ==================================================[0m
[96m[09:00:02][INFO] SEO AGENT CENTRAL ORCHESTRATOR 启动 2026-04-16[0m
[96m[09:00:02][INFO] ==================================================[0m
[96m[09:00:02][INFO] === Agent 1: 错误码站 ===[0m
[92m[09:01:01][OK] 错误码站: 528 页, 0 错误[0m
[96m[09:01:01][INFO] === Agent 2: 供应站 ===[0m
[92m[09:01:03][OK] 供应站: 22 页, 0 错误[0m
[96m[09:01:03][INFO] === Agent 3: 城市数据站 ===[0m
[92m[09:03:13][OK] 城市站: 1000 页, 0 错误[0m
[96m[09:03:13][INFO] 报告: /root/.openclaw/workspace-crm/central/reports/2026-04-16.json[0m

==================================================
📊 2026-04-16 生成摘要
==================================================
  ✅ 错误码站: 528 页, 0 错误
  ✅ 供应站: 22 页, 0 错误
  ✅ 城市站: 1000 页, 0 错误

总计: 1550 页, 0 错误
✅ 全部顺利
[96m[09:00:01][INFO] ==================================================[0m
[96m[09:00:01][INFO] SEO AGENT CENTRAL ORCHESTRATOR 启动 2026-04-17[0m
[96m[09:00:01][INFO] ==================================================[0m
[96m[09:00:01][INFO] === Agent 1: 错误码站 ===[0m
[92m[09:00:57][OK] 错误码站: 528 页, 0 错误[0m
[96m[09:00:57][INFO] === Agent 2: 供应站 ===[0m
[92m[09:00:59][OK] 供应站: 22 页, 0 错误[0m
[96m[09:00:59][INFO] === Agent 3: 城市数据站 ===[0m
[92m[09:03:11][OK] 城市站: 1000 页, 0 错误[0m
[96m[09:03:11][INFO] 报告: /root/.openclaw/workspace-crm/central/reports/2026-04-17.json[0m

==================================================
📊 2026-04-17 生成摘要
==================================================
  ✅ 错误码站: 528 页, 0 错误
  ✅ 供应站: 22 页, 0 错误
  ✅ 城市站: 1000 页, 0 错误

总计: 1550 页, 0 错误
✅ 全部顺利
[96m[09:00:01][INFO] ==================================================[0m
[96m[09:00:01][INFO] SEO AGENT CENTRAL ORCHESTRATOR 启动 2026-04-20[0m
[96m[09:00:01][INFO] ==================================================[0m
[96m[09:00:01][INFO] === Agent 1: 错误码站 ===[0m
[92m[09:01:00][OK] 错误码站: 528 页, 0 错误[0m
[96m[09:01:00][INFO] === Agent 2: 供应站 ===[0m
[92m[09:01:02][OK] 供应站: 22 页, 0 错误[0m
[96m[09:01:02][INFO] === Agent 3: 城市数据站 ===[0m
[92m[09:03:26][OK] 城市站: 1000 页, 0 错误[0m
[96m[09:03:26][INFO] 报告: /root/.openclaw/workspace-crm/central/reports/2026-04-20.json[0m

==================================================
📊 2026-04-20 生成摘要
==================================================
  ✅ 错误码站: 528 页, 0 错误
  ✅ 供应站: 22 页, 0 错误
  ✅ 城市站: 1000 页, 0 错误

总计: 1550 页, 0 错误
✅ 全部顺利
[96m[09:00:01][INFO] ==================================================[0m
[96m[09:00:01][INFO] SEO AGENT CENTRAL ORCHESTRATOR 启动 2026-04-21[0m
[96m[09:00:01][INFO] ==================================================[0m
[96m[09:00:01][INFO] === Agent 1: 错误码站 ===[0m
[92m[09:00:57][OK] 错误码站: 528 页, 0 错误[0m
[96m[09:00:57][INFO] === Agent 2: 供应站 ===[0m
[92m[09:00:59][OK] 供应站: 22 页, 0 错误[0m
[96m[09:00:59][INFO] === Agent 3: 城市数据站 ===[0m
[92m[09:03:13][OK] 城市站: 1000 页, 0 错误[0m
[96m[09:03:13][INFO] 报告: /root/.openclaw/workspace-crm/central/reports/2026-04-21.json[0m

==================================================
📊 2026-04-21 生成摘要
==================================================
  ✅ 错误码站: 528 页, 0 错误
  ✅ 供应站: 22 页, 0 错误
  ✅ 城市站: 1000 页, 0 错误

总计: 1550 页, 0 错误
✅ 全部顺利
[96m[09:00:01][INFO] ==================================================[0m
[96m[09:00:01][INFO] SEO AGENT CENTRAL ORCHESTRATOR 启动 2026-04-22[0m
[96m[09:00:01][INFO] ==================================================[0m
[96m[09:00:01][INFO] === Agent 1: 错误码站 ===[0m
[92m[09:00:55][OK] 错误码站: 528 页, 0 错误[0m
[96m[09:00:55][INFO] === Agent 2: 供应站 ===[0m
[92m[09:00:57][OK] 供应站: 22 页, 0 错误[0m
[96m[09:00:57][INFO] === Agent 3: 城市数据站 ===[0m
[92m[09:03:05][OK] 城市站: 1000 页, 0 错误[0m
[96m[09:03:05][INFO] 报告: /root/.openclaw/workspace-crm/central/reports/2026-04-22.json[0m

==================================================
📊 2026-04-22 生成摘要
==================================================
  ✅ 错误码站: 528 页, 0 错误
  ✅ 供应站: 22 页, 0 错误
  ✅ 城市站: 1000 页, 0 错误

总计: 1550 页, 0 错误
✅ 全部顺利
[96m[09:00:01][INFO] ==================================================[0m
[96m[09:00:01][INFO] SEO AGENT CENTRAL ORCHESTRATOR 启动 2026-04-23[0m
[96m[09:00:01][INFO] ==================================================[0m
[96m[09:00:01][INFO] === Agent 1: 错误码站 ===[0m
[92m[09:01:01][OK] 错误码站: 528 页, 0 错误[0m
[96m[09:01:01][INFO] === Agent 2: 供应站 ===[0m
[92m[09:01:03][OK] 供应站: 22 页, 0 错误[0m
[96m[09:01:03][INFO] === Agent 3: 城市数据站 ===[0m
[92m[09:03:23][OK] 城市站: 1000 页, 0 错误[0m
[96m[09:03:23][INFO] 报告: /root/.openclaw/workspace-crm/central/reports/2026-04-23.json[0m

==================================================
📊 2026-04-23 生成摘要
==================================================
  ✅ 错误码站: 528 页, 0 错误
  ✅ 供应站: 22 页, 0 错误
  ✅ 城市站: 1000 页, 0 错误

总计: 1550 页, 0 错误
✅ 全部顺利
